{"level":"info","message":"Listening on :::3000"}
{"level":"info","message":"Listening on :::3000"}
{"level":"info","message":"Listening on :::3000"}
{"level":"info","message":"Listening on :::3000"}
{"level":"info","message":"Listening on :::3000"}
{"level":"info","message":"Listening on :::3000"}
{"level":"info","message":"Postgres DB connection successful"}
{"level":"info","message":"Listening on :::3000"}
{"level":"info","message":"Postgres DB connection successful"}
{"level":"info","message":"Listening on :::3000"}
{"level":"info","message":"Postgres DB connection successful"}
{"level":"info","message":"Listening on :::3000"}
{"level":"info","message":"Postgres DB connection successful"}
{"level":"info","message":"Listening on :::3000"}
{"level":"info","message":"Postgres DB connection successful"}
{"level":"info","message":"Listening on :::3000"}
{"level":"info","message":"Postgres DB connection successful"}
{"level":"info","message":"Listening on :::3000"}
{"level":"info","message":"Postgres DB connection successful"}
{"level":"info","message":"Listening on :::3000"}
{"level":"info","message":"Postgres DB connection successful"}
{"level":"info","message":"Listening on :::3000"}
{"level":"info","message":"Postgres DB connection successful"}
{"level":"info","message":"Listening on :::3000"}
{"level":"info","message":"Postgres DB connection successful"}
{"level":"info","message":"Listening on :::3000"}
{"level":"info","message":"Postgres DB connection successful"}
{"level":"info","message":"Listening on :::3000"}
{"level":"info","message":"Postgres DB connection successful"}
{"level":"info","message":"Listening on :::3000"}
{"level":"info","message":"Postgres DB connection successful"}
{"level":"info","message":"Listening on :::3000"}
{"level":"info","message":"Postgres DB connection successful"}
{"level":"info","message":"Listening on :::3000"}
{"level":"info","message":"Postgres DB connection successful"}
{"level":"info","message":"Listening on :::3000"}
{"level":"info","message":"Postgres DB connection successful"}
{"level":"info","message":"Listening on :::3000"}
{"level":"info","message":"Postgres DB connection successful"}
{"level":"info","message":"Listening on :::3000"}
{"level":"info","message":"Postgres DB connection successful"}
{"level":"info","message":"Listening on :::3000"}
{"level":"info","message":"Postgres DB connection successful"}
{"level":"info","message":"Listening on :::3000"}
{"level":"info","message":"Postgres DB connection successful"}
{"level":"info","message":"Listening on :::3000"}
{"level":"info","message":"Postgres DB connection successful"}
{"level":"info","message":"Listening on :::3000"}
{"level":"info","message":"Postgres DB connection successful"}
{"level":"info","message":"Listening on :::3000"}
{"level":"info","message":"Postgres DB connection successful"}
{"level":"info","message":"Listening on :::3000"}
{"level":"info","message":"Postgres DB connection successful"}
{"level":"info","message":"Listening on :::3000"}
{"level":"info","message":"Postgres DB connection successful"}
{"level":"info","message":"Listening on :::3000"}
{"level":"info","message":"Postgres DB connection successful"}
{"level":"info","message":"Listening on :::3000"}
{"level":"info","message":"Postgres DB connection successful"}
{"level":"info","message":"Listening on :::3000"}
{"level":"info","message":"Postgres DB connection successful"}
{"level":"info","message":"Listening on :::3000"}
{"level":"info","message":"Postgres DB connection successful"}
{"level":"info","message":"Listening on :::3000"}
{"level":"info","message":"Postgres DB connection successful"}
{"level":"info","message":"Listening on :::3000"}
{"level":"info","message":"Postgres DB connection successful"}
{"level":"info","message":"Listening on :::3000"}
{"level":"info","message":"Postgres DB connection successful"}
{"level":"info","message":"Listening on :::3000"}
{"level":"info","message":"Postgres DB connection successful"}
{"level":"info","message":"Listening on :::3000"}
{"level":"info","message":"Postgres DB connection successful"}
{"level":"info","message":"Listening on :::3000"}
{"level":"info","message":"Postgres DB connection successful"}
{"level":"info","message":"Listening on :::3000"}
{"level":"info","message":"Postgres DB connection successful"}
{"level":"info","message":"Listening on :::3000"}
{"level":"info","message":"Postgres DB connection successful"}
{"level":"info","message":"Listening on :::3000"}
{"level":"info","message":"Postgres DB connection successful"}
{"level":"info","message":"Listening on :::3000"}
{"level":"info","message":"Postgres DB connection successful"}
{"level":"info","message":"Listening on :::3000"}
{"level":"info","message":"Postgres DB connection successful"}
{"level":"info","message":"Listening on :::3000"}
{"level":"info","message":"Postgres DB connection successful"}
{"level":"info","message":"Listening on :::3000"}
{"level":"info","message":"Postgres DB connection successful"}
{"level":"info","message":"Listening on :::3000"}
{"level":"info","message":"Postgres DB connection successful"}
{"level":"info","message":"Listening on :::3000"}
{"level":"info","message":"Postgres DB connection successful"}
{"level":"info","message":"Listening on :::3000"}
{"level":"info","message":"Postgres DB connection successful"}
{"level":"info","message":"Listening on :::3000"}
{"level":"info","message":"Postgres DB connection successful"}
{"level":"info","message":"Listening on :::3000"}
{"level":"info","message":"Postgres DB connection successful"}
{"level":"info","message":"Listening on :::3000"}
{"level":"info","message":"Postgres DB connection successful"}
{"level":"info","message":"Listening on :::3000"}
{"level":"info","message":"Postgres DB connection successful"}
{"level":"info","message":"Listening on :::3000"}
{"level":"info","message":"Postgres DB connection successful"}
{"level":"info","message":"Listening on :::3000"}
{"level":"info","message":"Postgres DB connection successful"}
{"level":"info","message":"Listening on :::3000"}
{"level":"info","message":"Postgres DB connection successful"}
{"level":"info","message":"Listening on :::3000"}
{"level":"info","message":"Postgres DB connection successful"}
{"level":"info","message":"Listening on :::3000"}
{"level":"info","message":"Postgres DB connection successful"}
{"level":"info","message":"Listening on :::3000"}
{"level":"info","message":"Postgres DB connection successful"}
{"level":"info","message":"Listening on :::3000"}
{"level":"info","message":"Postgres DB connection successful"}
{"level":"info","message":"Listening on :::3000"}
{"level":"info","message":"Postgres DB connection successful"}
{"level":"info","message":"Listening on :::3000"}
{"level":"info","message":"Postgres DB connection successful"}
{"level":"info","message":"Listening on :::3000"}
{"level":"info","message":"Postgres DB connection successful"}
{"level":"info","message":"Listening on :::3000"}
{"level":"info","message":"Postgres DB connection successful"}
{"level":"info","message":"Listening on :::3000"}
{"level":"info","message":"Postgres DB connection successful"}
{"level":"info","message":"Listening on :::3000"}
{"level":"info","message":"Postgres DB connection successful"}
{"level":"info","message":"Listening on :::3000"}
{"level":"info","message":"Postgres DB connection successful"}
{"level":"info","message":"Listening on :::3000"}
{"level":"info","message":"Postgres DB connection successful"}
{"level":"info","message":"Listening on :::3000"}
{"level":"info","message":"Postgres DB connection successful"}
{"level":"info","message":"Listening on :::3000"}
{"level":"info","message":"Postgres DB connection successful"}
{"level":"info","message":"Listening on :::3000"}
{"level":"info","message":"Postgres DB connection successful"}
{"level":"info","message":"Listening on :::3000"}
{"level":"info","message":"Postgres DB connection successful"}
{"level":"info","message":"Listening on :::3000"}
{"level":"info","message":"Postgres DB connection successful"}
{"level":"info","message":"Listening on :::3000"}
{"level":"info","message":"Postgres DB connection successful"}
{"level":"info","message":"Listening on :::3000"}
{"level":"info","message":"Postgres DB connection successful"}
{"level":"info","message":"Listening on :::3000"}
{"level":"info","message":"Postgres DB connection successful"}
{"level":"info","message":"Listening on :::3000"}
{"level":"info","message":"Postgres DB connection successful"}
{"level":"info","message":"Listening on :::3000"}
{"level":"info","message":"Postgres DB connection successful"}
{"level":"info","message":"Listening on :::3000"}
{"level":"info","message":"Postgres DB connection successful"}
{"level":"info","message":"Listening on :::3000"}
{"level":"info","message":"Postgres DB connection successful"}
{"level":"info","message":"Listening on :::3000"}
{"level":"info","message":"Postgres DB connection successful"}
{"level":"info","message":"Listening on :::3000"}
{"level":"info","message":"Postgres DB connection successful"}
{"level":"info","message":"Listening on :::3000"}
{"level":"info","message":"Postgres DB connection successful"}
{"level":"info","message":"Listening on :::3000"}
{"level":"info","message":"Postgres DB connection successful"}
{"level":"info","message":"Listening on :::3000"}
{"level":"info","message":"Postgres DB connection successful"}
{"level":"info","message":"Listening on :::3000"}
{"level":"info","message":"Postgres DB connection successful"}
{"level":"info","message":"Listening on :::3000"}
{"level":"info","message":"Postgres DB connection successful"}
{"level":"info","message":"Listening on :::3000"}
{"level":"info","message":"Postgres DB connection successful"}
{"level":"info","message":"Listening on :::3000"}
{"level":"info","message":"AppDataSource error"}
{"level":"error","message":"QueryFailedError"}
{"level":"error","message":"column \"invitedById\" of relation \"admin\" contains null values"}
{"level":"error","message":"QueryFailedError: column \"invitedById\" of relation \"admin\" contains null values\n    at PostgresQueryRunner.query (/Users/user/dev/ivorypay-assessment/assessment-two/backend/node_modules/typeorm/src/driver/postgres/PostgresQueryRunner.ts:299:19)\n    at processTicksAndRejections (internal/process/task_queues.js:93:5)\n    at async PostgresQueryRunner.executeQueries (/Users/user/dev/ivorypay-assessment/assessment-two/backend/node_modules/src/query-runner/BaseQueryRunner.ts:659:13)\n    at async PostgresQueryRunner.addColumn (/Users/user/dev/ivorypay-assessment/assessment-two/backend/node_modules/typeorm/src/driver/postgres/PostgresQueryRunner.ts:1115:9)\n    at async PostgresQueryRunner.addColumns (/Users/user/dev/ivorypay-assessment/assessment-two/backend/node_modules/typeorm/src/driver/postgres/PostgresQueryRunner.ts:1129:13)\n    at async RdbmsSchemaBuilder.addNewColumns (/Users/user/dev/ivorypay-assessment/assessment-two/backend/node_modules/src/schema-builder/RdbmsSchemaBuilder.ts:823:13)\n    at async RdbmsSchemaBuilder.executeSchemaSyncOperationsInProperOrder (/Users/user/dev/ivorypay-assessment/assessment-two/backend/node_modules/src/schema-builder/RdbmsSchemaBuilder.ts:226:9)\n    at async RdbmsSchemaBuilder.build (/Users/user/dev/ivorypay-assessment/assessment-two/backend/node_modules/src/schema-builder/RdbmsSchemaBuilder.ts:95:13)\n    at async DataSource.synchronize (/Users/user/dev/ivorypay-assessment/assessment-two/backend/node_modules/src/data-source/DataSource.ts:335:9)\n    at async DataSource.initialize (/Users/user/dev/ivorypay-assessment/assessment-two/backend/node_modules/src/data-source/DataSource.ts:273:43)"}
{"level":"info","message":"Postgres DB connection successful"}
{"level":"info","message":"Listening on :::3000"}
{"level":"info","message":"Postgres DB connection successful"}
{"level":"info","message":"Listening on :::3000"}
{"level":"info","message":"Postgres DB connection successful"}
{"level":"info","message":"Listening on :::3000"}
{"level":"info","message":"Postgres DB connection successful"}
{"level":"info","message":"Listening on :::3000"}
{"level":"info","message":"Postgres DB connection successful"}
{"level":"info","message":"Listening on :::3000"}
{"level":"info","message":"Postgres DB connection successful"}
{"level":"info","message":"Listening on :::3000"}
{"level":"info","message":"Postgres DB connection successful"}
{"level":"info","message":"Listening on :::3000"}
{"level":"info","message":"Postgres DB connection successful"}
{"level":"info","message":"Listening on :::3000"}
{"level":"info","message":"Postgres DB connection successful"}
{"level":"info","message":"Listening on :::3000"}
{"level":"info","message":"Postgres DB connection successful"}
{"level":"info","message":"Listening on :::3000"}
{"level":"info","message":"Postgres DB connection successful"}
{"level":"info","message":"Listening on :::3000"}
{"level":"info","message":"Postgres DB connection successful"}
{"level":"info","message":"Listening on :::3000"}
{"level":"info","message":"Postgres DB connection successful"}
{"level":"info","message":"Listening on :::3000"}
{"level":"info","message":"Postgres DB connection successful"}
{"level":"info","message":"Listening on :::3000"}
{"level":"info","message":"Postgres DB connection successful"}
{"level":"info","message":"Listening on :::3000"}
{"level":"info","message":"Postgres DB connection successful"}
{"level":"info","message":"Listening on :::3000"}
{"level":"info","message":"Postgres DB connection successful"}
{"level":"info","message":"Listening on :::3000"}
{"level":"info","message":"Postgres DB connection successful"}
{"level":"info","message":"Listening on :::3000"}
{"level":"info","message":"Postgres DB connection successful"}
{"level":"info","message":"Listening on :::3000"}
{"level":"info","message":"Postgres DB connection successful"}
{"level":"info","message":"Listening on :::3000"}
{"level":"info","message":"Postgres DB connection successful"}
{"level":"info","message":"Listening on :::3000"}
{"level":"info","message":"Postgres DB connection successful"}
{"level":"info","message":"Listening on :::3000"}
{"level":"info","message":"Postgres DB connection successful"}
{"level":"info","message":"Listening on :::3000"}
{"level":"info","message":"Postgres DB connection successful"}
{"level":"info","message":"Listening on :::3000"}
{"level":"info","message":"Postgres DB connection successful"}
{"level":"info","message":"Listening on :::3000"}
{"level":"info","message":"Postgres DB connection successful"}
{"level":"info","message":"Listening on :::3000"}
{"level":"info","message":"Postgres DB connection successful"}
{"level":"info","message":"Listening on :::3000"}
{"level":"info","message":"Postgres DB connection successful"}
{"level":"info","message":"Listening on :::3000"}
{"level":"info","message":"Postgres DB connection successful"}
{"level":"info","message":"Listening on :::3000"}
{"level":"info","message":"Postgres DB connection successful"}
{"level":"info","message":"Listening on :::3000"}
{"level":"info","message":"Postgres DB connection successful"}
{"level":"info","message":"Listening on :::3000"}
{"level":"info","message":"Postgres DB connection successful"}
{"level":"info","message":"Postgres DB connection successful"}
{"level":"info","message":"Listening on :::3000"}
{"level":"info","message":"Postgres DB connection successful"}
{"level":"info","message":"Listening on :::3000"}
{"level":"info","message":"AppDataSource error"}
{"level":"error","message":"Error"}
{"level":"error","message":"read ETIMEDOUT"}
{"level":"error","message":"Error: read ETIMEDOUT\n    at TCP.onStreamRead (internal/stream_base_commons.js:209:20)"}
{"level":"info","message":"Postgres DB connection successful"}
{"level":"info","message":"Listening on :::3000"}
{"level":"info","message":"Postgres DB connection successful"}
{"level":"info","message":"Listening on :::3000"}
{"level":"info","message":"Postgres DB connection successful"}
{"level":"info","message":"Listening on :::3000"}
{"level":"info","message":"Postgres DB connection successful"}
{"level":"info","message":"Listening on :::3000"}
{"level":"info","message":"Postgres DB connection successful"}
{"level":"info","message":"Listening on :::3000"}
{"level":"info","message":"Postgres DB connection successful"}
{"level":"info","message":"Listening on :::3000"}
{"level":"info","message":"Postgres DB connection successful"}
{"level":"info","message":"Listening on :::3000"}
{"level":"info","message":"Postgres DB connection successful"}
{"level":"info","message":"Listening on :::3000"}
{"level":"info","message":"Postgres DB connection successful"}
{"level":"info","message":"Listening on :::3000"}
{"level":"info","message":"Postgres DB connection successful"}
{"level":"info","message":"Listening on :::3000"}
{"level":"info","message":"Postgres DB connection successful"}
{"level":"info","message":"Listening on :::3000"}
{"level":"info","message":"Postgres DB connection successful"}
{"level":"info","message":"Listening on :::3000"}
{"level":"info","message":"Postgres DB connection successful"}
{"level":"info","message":"Listening on :::3000"}
{"level":"info","message":"Postgres DB connection successful"}
{"level":"info","message":"Listening on :::3000"}
{"level":"info","message":"Postgres DB connection successful"}
{"level":"info","message":"Listening on :::3000"}
{"level":"info","message":"Postgres DB connection successful"}
{"level":"info","message":"Listening on :::3000"}
{"level":"info","message":"Postgres DB connection successful"}
{"level":"info","message":"Listening on :::3000"}
{"level":"info","message":"Postgres DB connection successful"}
{"level":"info","message":"Listening on :::3000"}
{"level":"info","message":"Postgres DB connection successful"}
{"level":"info","message":"Listening on :::3000"}
{"level":"info","message":"Postgres DB connection successful"}
{"level":"info","message":"Listening on :::3000"}
{"level":"info","message":"Postgres DB connection successful"}
{"level":"info","message":"Listening on :::3000"}
{"level":"info","message":"Postgres DB connection successful"}
{"level":"info","message":"Listening on :::3000"}
{"level":"info","message":"Postgres DB connection successful"}
{"level":"info","message":"Listening on :::3000"}
{"level":"info","message":"AppDataSource error"}
{"level":"error","message":"QueryFailedError"}
{"level":"error","message":"could not create unique index \"UQ_01f9375efded3a7783162180430\""}
{"level":"error","message":"QueryFailedError: could not create unique index \"UQ_01f9375efded3a7783162180430\"\n    at PostgresQueryRunner.query (/Users/user/dev/ivorypay-assessment/assessment-two/backend/node_modules/typeorm/driver/postgres/PostgresQueryRunner.js:211:19)\n    at processTicksAndRejections (internal/process/task_queues.js:93:5)\n    at async PostgresQueryRunner.executeQueries (/Users/user/dev/ivorypay-assessment/assessment-two/backend/node_modules/typeorm/query-runner/BaseQueryRunner.js:424:13)\n    at async PostgresQueryRunner.changeColumn (/Users/user/dev/ivorypay-assessment/assessment-two/backend/node_modules/typeorm/driver/postgres/PostgresQueryRunner.js:1083:9)\n    at async PostgresQueryRunner.changeColumns (/Users/user/dev/ivorypay-assessment/assessment-two/backend/node_modules/typeorm/driver/postgres/PostgresQueryRunner.js:1091:13)\n    at async RdbmsSchemaBuilder.updateExistColumns (/Users/user/dev/ivorypay-assessment/assessment-two/backend/node_modules/typeorm/schema-builder/RdbmsSchemaBuilder.js:621:13)\n    at async RdbmsSchemaBuilder.executeSchemaSyncOperationsInProperOrder (/Users/user/dev/ivorypay-assessment/assessment-two/backend/node_modules/typeorm/schema-builder/RdbmsSchemaBuilder.js:170:9)\n    at async RdbmsSchemaBuilder.build (/Users/user/dev/ivorypay-assessment/assessment-two/backend/node_modules/typeorm/schema-builder/RdbmsSchemaBuilder.js:66:13)\n    at async DataSource.synchronize (/Users/user/dev/ivorypay-assessment/assessment-two/backend/node_modules/typeorm/data-source/DataSource.js:208:9)\n    at async DataSource.initialize (/Users/user/dev/ivorypay-assessment/assessment-two/backend/node_modules/typeorm/data-source/DataSource.js:153:17)"}
{"level":"info","message":"Postgres DB connection successful"}
{"level":"info","message":"Listening on :::3000"}
{"level":"info","message":"Postgres DB connection successful"}
{"level":"info","message":"Listening on :::3000"}
{"level":"info","message":"Postgres DB connection successful"}
{"level":"info","message":"Listening on :::3000"}
{"level":"info","message":"Postgres DB connection successful"}
{"level":"info","message":"Listening on :::3000"}
{"level":"info","message":"Postgres DB connection successful"}
{"level":"info","message":"Listening on :::3000"}
{"level":"info","message":"Postgres DB connection successful"}
{"level":"info","message":"Listening on :::3000"}
{"level":"info","message":"Postgres DB connection successful"}
{"level":"info","message":"Listening on :::3000"}
{"level":"info","message":"Postgres DB connection successful"}
{"level":"info","message":"Listening on :::3000"}
{"level":"info","message":"Postgres DB connection successful"}
{"level":"info","message":"Listening on :::3000"}
{"level":"info","message":"Postgres DB connection successful"}
{"level":"info","message":"Listening on :::3000"}
{"level":"info","message":"Postgres DB connection successful"}
{"level":"info","message":"Listening on :::3000"}
{"level":"info","message":"AppDataSource error"}
{"level":"error","message":"Error"}
{"level":"error","message":"getaddrinfo ENOTFOUND roovasstagingdb.cuzjlcl29nhs.us-west-2.rds.amazonaws.com"}
{"level":"error","message":"Error: getaddrinfo ENOTFOUND roovasstagingdb.cuzjlcl29nhs.us-west-2.rds.amazonaws.com\n    at GetAddrInfoReqWrap.onlookup [as oncomplete] (dns.js:67:26)"}
{"level":"info","message":"Postgres DB connection successful"}
{"level":"info","message":"Listening on :::3000"}
{"level":"info","message":"Postgres DB connection successful"}
{"level":"info","message":"Listening on :::3000"}
{"level":"info","message":"Postgres DB connection successful"}
{"level":"info","message":"Listening on :::3000"}
{"level":"info","message":"Postgres DB connection successful"}
{"level":"info","message":"Listening on :::3000"}
{"level":"info","message":"AppDataSource error"}
{"level":"error","message":"Error"}
{"level":"error","message":"getaddrinfo ENOTFOUND roovasstagingdb.cuzjlcl29nhs.us-west-2.rds.amazonaws.com"}
{"level":"error","message":"Error: getaddrinfo ENOTFOUND roovasstagingdb.cuzjlcl29nhs.us-west-2.rds.amazonaws.com\n    at GetAddrInfoReqWrap.onlookup [as oncomplete] (dns.js:67:26)"}
{"level":"info","message":"AppDataSource error"}
{"level":"error","message":"Error"}
{"level":"error","message":"getaddrinfo ENOTFOUND roovasstagingdb.cuzjlcl29nhs.us-west-2.rds.amazonaws.com"}
{"level":"error","message":"Error: getaddrinfo ENOTFOUND roovasstagingdb.cuzjlcl29nhs.us-west-2.rds.amazonaws.com\n    at GetAddrInfoReqWrap.onlookup [as oncomplete] (dns.js:67:26)"}
{"level":"info","message":"AppDataSource error"}
{"level":"error","message":"Error"}
{"level":"error","message":"getaddrinfo ENOTFOUND roovasstagingdb.cuzjlcl29nhs.us-west-2.rds.amazonaws.com"}
{"level":"error","message":"Error: getaddrinfo ENOTFOUND roovasstagingdb.cuzjlcl29nhs.us-west-2.rds.amazonaws.com\n    at GetAddrInfoReqWrap.onlookup [as oncomplete] (dns.js:67:26)"}
{"level":"info","message":"AppDataSource error"}
{"level":"error","message":"Error"}
{"level":"error","message":"getaddrinfo ENOTFOUND roovasstagingdb.cuzjlcl29nhs.us-west-2.rds.amazonaws.com"}
{"level":"error","message":"Error: getaddrinfo ENOTFOUND roovasstagingdb.cuzjlcl29nhs.us-west-2.rds.amazonaws.com\n    at GetAddrInfoReqWrap.onlookup [as oncomplete] (dns.js:67:26)"}
{"level":"info","message":"Postgres DB connection successful"}
{"level":"info","message":"Listening on :::3000"}
